<?xml version="1.0" encoding="UTF-8"?>
<!-- Generated by org.testng.reporters.JUnitReportReporter -->
<testsuite skipped="0" hostname="admin-ÏÊ" name="com.inetbanking.testcases.TC_AddCustommerTest_003" tests="1" failures="0" timestamp="03 Jul 2020 14:31:56 GMT" time="19.617" errors="0">
  <testcase name="addNewCustomer" time="19.617" classname="com.inetbanking.testcases.TC_AddCustommerTest_003"/>
</testsuite> <!-- com.inetbanking.testcases.TC_AddCustommerTest_003 -->
